<?xml version="1.0" encoding="UTF-8"?>
<coverage generated="1690181233670" clover="3.2.0">
  <project timestamp="1690181233670" name="All files">
    <metrics statements="85" coveredstatements="85" conditionals="19" coveredconditionals="18" methods="34" coveredmethods="34" elements="138" coveredelements="137" complexity="0" loc="85" ncloc="85" packages="1" files="3" classes="3"/>
    <file name="Activity.tsx" path="F:\GitHub\React-Native\stravaapp\Pages\Activity.tsx">
      <metrics statements="18" coveredstatements="18" conditionals="4" coveredconditionals="4" methods="6" coveredmethods="6"/>
      <line num="6" count="1" type="stmt"/>
      <line num="7" count="6" type="stmt"/>
      <line num="8" count="6" type="stmt"/>
      <line num="9" count="6" type="stmt"/>
      <line num="11" count="6" type="stmt"/>
      <line num="12" count="3" type="stmt"/>
      <line num="13" count="3" type="stmt"/>
      <line num="15" count="3" type="cond" truecount="2" falsecount="0"/>
      <line num="16" count="2" type="stmt"/>
      <line num="21" count="1" type="stmt"/>
      <line num="22" count="1" type="stmt"/>
      <line num="25" count="1" type="stmt"/>
      <line num="26" count="1" type="stmt"/>
      <line num="29" count="1" type="stmt"/>
      <line num="33" count="6" type="stmt"/>
      <line num="34" count="3" type="stmt"/>
      <line num="37" count="6" type="stmt"/>
      <line num="61" count="2" type="stmt"/>
    </file>
    <file name="CreateActivity.tsx" path="F:\GitHub\React-Native\stravaapp\Pages\CreateActivity.tsx">
      <metrics statements="31" coveredstatements="31" conditionals="9" coveredconditionals="9" methods="16" coveredmethods="16"/>
      <line num="7" count="1" type="stmt"/>
      <line num="8" count="16" type="stmt"/>
      <line num="9" count="16" type="stmt"/>
      <line num="10" count="16" type="stmt"/>
      <line num="11" count="16" type="stmt"/>
      <line num="12" count="16" type="stmt"/>
      <line num="13" count="16" type="stmt"/>
      <line num="14" count="16" type="stmt"/>
      <line num="15" count="16" type="stmt"/>
      <line num="16" count="16" type="stmt"/>
      <line num="17" count="16" type="stmt"/>
      <line num="19" count="16" type="stmt"/>
      <line num="20" count="1" type="stmt"/>
      <line num="21" count="1" type="stmt"/>
      <line num="25" count="1" type="stmt"/>
      <line num="27" count="1" type="stmt"/>
      <line num="31" count="16" type="stmt"/>
      <line num="53" count="1" type="stmt"/>
      <line num="59" count="1" type="stmt"/>
      <line num="65" count="1" type="stmt"/>
      <line num="71" count="1" type="stmt"/>
      <line num="77" count="1" type="stmt"/>
      <line num="83" count="1" type="stmt"/>
      <line num="89" count="1" type="stmt"/>
      <line num="95" count="1" type="stmt"/>
      <line num="99" count="3" type="stmt"/>
      <line num="105" count="1" type="stmt"/>
      <line num="125" count="1" type="stmt"/>
      <line num="126" count="1" type="stmt"/>
      <line num="129" count="1" type="stmt"/>
      <line num="138" count="1" type="stmt"/>
    </file>
    <file name="Login.tsx" path="F:\GitHub\React-Native\stravaapp\Pages\Login.tsx">
      <metrics statements="36" coveredstatements="36" conditionals="6" coveredconditionals="5" methods="12" coveredmethods="12"/>
      <line num="7" count="1" type="stmt"/>
      <line num="8" count="6" type="stmt"/>
      <line num="20" count="6" type="stmt"/>
      <line num="21" count="3" type="stmt"/>
      <line num="22" count="3" type="stmt"/>
      <line num="24" count="2" type="stmt"/>
      <line num="28" count="6" type="stmt"/>
      <line num="29" count="6" type="stmt"/>
      <line num="30" count="6" type="stmt"/>
      <line num="31" count="6" type="cond" truecount="2" falsecount="0"/>
      <line num="32" count="2" type="stmt"/>
      <line num="35" count="6" type="stmt"/>
      <line num="36" count="5" type="stmt"/>
      <line num="40" count="6" type="stmt"/>
      <line num="41" count="2" type="stmt"/>
      <line num="42" count="2" type="stmt"/>
      <line num="48" count="2" type="stmt"/>
      <line num="49" count="2" type="stmt"/>
      <line num="50" count="2" type="cond" truecount="1" falsecount="1"/>
      <line num="51" count="2" type="stmt"/>
      <line num="54" count="1" type="stmt"/>
      <line num="55" count="1" type="stmt"/>
      <line num="56" count="1" type="stmt"/>
      <line num="58" count="1" type="stmt"/>
      <line num="61" count="6" type="stmt"/>
      <line num="62" count="6" type="stmt"/>
      <line num="63" count="6" type="stmt"/>
      <line num="64" count="6" type="stmt"/>
      <line num="66" count="6" type="cond" truecount="2" falsecount="0"/>
      <line num="67" count="2" type="stmt"/>
      <line num="68" count="1" type="stmt"/>
      <line num="71" count="4" type="stmt"/>
      <line num="74" count="6" type="stmt"/>
      <line num="75" count="6" type="stmt"/>
      <line num="78" count="6" type="stmt"/>
      <line num="89" count="3" type="stmt"/>
    </file>
  </project>
</coverage>
