{"F:\\GitHub\\React-Native\\stravaapp\\Pages\\Activity.tsx": {"path":"F:\\GitHub\\React-Native\\stravaapp\\Pages\\Activity.tsx","statementMap":{"0":{"start":{"line":6,"column":17},"end":{"line":118,"column":1}},"1":{"start":{"line":7,"column":26},"end":{"line":7,"column":38}},"2":{"start":{"line":8,"column":32},"end":{"line":8,"column":46}},"3":{"start":{"line":9,"column":28},"end":{"line":9,"column":43}},"4":{"start":{"line":11,"column":20},"end":{"line":31,"column":3}},"5":{"start":{"line":12,"column":4},"end":{"line":12,"column":33}},"6":{"start":{"line":13,"column":25},"end":{"line":13,"column":66}},"7":{"start":{"line":15,"column":4},"end":{"line":30,"column":5}},"8":{"start":{"line":16,"column":6},"end":{"line":27,"column":11}},"9":{"start":{"line":21,"column":10},"end":{"line":21,"column":28}},"10":{"start":{"line":22,"column":10},"end":{"line":22,"column":28}},"11":{"start":{"line":25,"column":10},"end":{"line":25,"column":25}},"12":{"start":{"line":26,"column":10},"end":{"line":26,"column":36}},"13":{"start":{"line":29,"column":6},"end":{"line":29,"column":35}},"14":{"start":{"line":33,"column":2},"end":{"line":35,"column":9}},"15":{"start":{"line":34,"column":4},"end":{"line":34,"column":16}},"16":{"start":{"line":37,"column":2},"end":{"line":117,"column":4}},"17":{"start":{"line":61,"column":12},"end":{"line":112,"column":14}}},"fnMap":{"0":{"name":"(anonymous_0)","decl":{"start":{"line":6,"column":17},"end":{"line":6,"column":18}},"loc":{"start":{"line":6,"column":40},"end":{"line":118,"column":1}},"line":6},"1":{"name":"(anonymous_1)","decl":{"start":{"line":11,"column":20},"end":{"line":11,"column":21}},"loc":{"start":{"line":11,"column":32},"end":{"line":31,"column":3}},"line":11},"2":{"name":"(anonymous_2)","decl":{"start":{"line":20,"column":14},"end":{"line":20,"column":15}},"loc":{"start":{"line":20,"column":21},"end":{"line":23,"column":9}},"line":20},"3":{"name":"(anonymous_3)","decl":{"start":{"line":24,"column":15},"end":{"line":24,"column":16}},"loc":{"start":{"line":24,"column":22},"end":{"line":27,"column":9}},"line":24},"4":{"name":"(anonymous_4)","decl":{"start":{"line":33,"column":12},"end":{"line":33,"column":13}},"loc":{"start":{"line":33,"column":18},"end":{"line":35,"column":3}},"line":33},"5":{"name":"(anonymous_5)","decl":{"start":{"line":60,"column":20},"end":{"line":60,"column":21}},"loc":{"start":{"line":60,"column":48},"end":{"line":113,"column":11}},"line":60}},"branchMap":{"0":{"loc":{"start":{"line":15,"column":4},"end":{"line":30,"column":5}},"type":"if","locations":[{"start":{"line":15,"column":4},"end":{"line":30,"column":5}},{"start":{"line":28,"column":11},"end":{"line":30,"column":5}}],"line":15},"1":{"loc":{"start":{"line":45,"column":7},"end":{"line":115,"column":7}},"type":"cond-expr","locations":[{"start":{"line":46,"column":8},"end":{"line":57,"column":15}},{"start":{"line":59,"column":8},"end":{"line":114,"column":21}}],"line":45}},"s":{"0":1,"1":6,"2":6,"3":6,"4":6,"5":3,"6":3,"7":3,"8":2,"9":1,"10":1,"11":1,"12":1,"13":1,"14":6,"15":3,"16":6,"17":2},"f":{"0":6,"1":3,"2":1,"3":1,"4":3,"5":2},"b":{"0":[2,1],"1":[5,1]},"_coverageSchema":"1a1c01bbd47fc00a2c39e90264f33305004495a9","hash":"005066c610063087a60a8bae566ba7dfd6ab43ea"}
,"F:\\GitHub\\React-Native\\stravaapp\\Pages\\CreateActivity.tsx": {"path":"F:\\GitHub\\React-Native\\stravaapp\\Pages\\CreateActivity.tsx","statementMap":{"0":{"start":{"line":7,"column":23},"end":{"line":134,"column":1}},"1":{"start":{"line":8,"column":26},"end":{"line":8,"column":38}},"2":{"start":{"line":9,"column":26},"end":{"line":9,"column":38}},"3":{"start":{"line":10,"column":38},"end":{"line":10,"column":50}},"4":{"start":{"line":11,"column":50},"end":{"line":11,"column":70}},"5":{"start":{"line":12,"column":42},"end":{"line":12,"column":53}},"6":{"start":{"line":13,"column":40},"end":{"line":13,"column":52}},"7":{"start":{"line":14,"column":34},"end":{"line":14,"column":45}},"8":{"start":{"line":15,"column":32},"end":{"line":15,"column":43}},"9":{"start":{"line":16,"column":32},"end":{"line":16,"column":43}},"10":{"start":{"line":17,"column":26},"end":{"line":17,"column":41}},"11":{"start":{"line":19,"column":26},"end":{"line":29,"column":3}},"12":{"start":{"line":20,"column":25},"end":{"line":20,"column":66}},"13":{"start":{"line":21,"column":4},"end":{"line":28,"column":9}},"14":{"start":{"line":25,"column":19},"end":{"line":25,"column":50}},"15":{"start":{"line":27,"column":8},"end":{"line":27,"column":25}},"16":{"start":{"line":31,"column":2},"end":{"line":133,"column":4}},"17":{"start":{"line":53,"column":36},"end":{"line":53,"column":46}},"18":{"start":{"line":59,"column":36},"end":{"line":59,"column":46}},"19":{"start":{"line":65,"column":36},"end":{"line":65,"column":52}},"20":{"start":{"line":71,"column":36},"end":{"line":71,"column":54}},"21":{"start":{"line":77,"column":36},"end":{"line":77,"column":53}},"22":{"start":{"line":83,"column":36},"end":{"line":83,"column":50}},"23":{"start":{"line":89,"column":36},"end":{"line":89,"column":49}},"24":{"start":{"line":95,"column":36},"end":{"line":95,"column":49}},"25":{"start":{"line":99,"column":25},"end":{"line":99,"column":38}},"26":{"start":{"line":105,"column":25},"end":{"line":105,"column":42}},"27":{"start":{"line":125,"column":10},"end":{"line":125,"column":25}},"28":{"start":{"line":126,"column":10},"end":{"line":126,"column":36}},"29":{"start":{"line":129,"column":10},"end":{"line":129,"column":25}},"30":{"start":{"line":138,"column":15},"end":{"line":147,"column":2}}},"fnMap":{"0":{"name":"(anonymous_0)","decl":{"start":{"line":7,"column":23},"end":{"line":7,"column":24}},"loc":{"start":{"line":7,"column":46},"end":{"line":134,"column":1}},"line":7},"1":{"name":"(anonymous_1)","decl":{"start":{"line":19,"column":26},"end":{"line":19,"column":27}},"loc":{"start":{"line":19,"column":38},"end":{"line":29,"column":3}},"line":19},"2":{"name":"(anonymous_2)","decl":{"start":{"line":25,"column":12},"end":{"line":25,"column":13}},"loc":{"start":{"line":25,"column":19},"end":{"line":25,"column":50}},"line":25},"3":{"name":"(anonymous_3)","decl":{"start":{"line":26,"column":13},"end":{"line":26,"column":14}},"loc":{"start":{"line":26,"column":20},"end":{"line":28,"column":7}},"line":26},"4":{"name":"(anonymous_4)","decl":{"start":{"line":53,"column":24},"end":{"line":53,"column":25}},"loc":{"start":{"line":53,"column":36},"end":{"line":53,"column":46}},"line":53},"5":{"name":"(anonymous_5)","decl":{"start":{"line":59,"column":24},"end":{"line":59,"column":25}},"loc":{"start":{"line":59,"column":36},"end":{"line":59,"column":46}},"line":59},"6":{"name":"(anonymous_6)","decl":{"start":{"line":65,"column":24},"end":{"line":65,"column":25}},"loc":{"start":{"line":65,"column":36},"end":{"line":65,"column":52}},"line":65},"7":{"name":"(anonymous_7)","decl":{"start":{"line":71,"column":24},"end":{"line":71,"column":25}},"loc":{"start":{"line":71,"column":36},"end":{"line":71,"column":54}},"line":71},"8":{"name":"(anonymous_8)","decl":{"start":{"line":77,"column":24},"end":{"line":77,"column":25}},"loc":{"start":{"line":77,"column":36},"end":{"line":77,"column":53}},"line":77},"9":{"name":"(anonymous_9)","decl":{"start":{"line":83,"column":24},"end":{"line":83,"column":25}},"loc":{"start":{"line":83,"column":36},"end":{"line":83,"column":50}},"line":83},"10":{"name":"(anonymous_10)","decl":{"start":{"line":89,"column":24},"end":{"line":89,"column":25}},"loc":{"start":{"line":89,"column":36},"end":{"line":89,"column":49}},"line":89},"11":{"name":"(anonymous_11)","decl":{"start":{"line":95,"column":24},"end":{"line":95,"column":25}},"loc":{"start":{"line":95,"column":36},"end":{"line":95,"column":49}},"line":95},"12":{"name":"(anonymous_12)","decl":{"start":{"line":99,"column":19},"end":{"line":99,"column":20}},"loc":{"start":{"line":99,"column":25},"end":{"line":99,"column":38}},"line":99},"13":{"name":"(anonymous_13)","decl":{"start":{"line":105,"column":19},"end":{"line":105,"column":20}},"loc":{"start":{"line":105,"column":25},"end":{"line":105,"column":42}},"line":105},"14":{"name":"(anonymous_14)","decl":{"start":{"line":124,"column":19},"end":{"line":124,"column":20}},"loc":{"start":{"line":124,"column":27},"end":{"line":127,"column":9}},"line":124},"15":{"name":"(anonymous_15)","decl":{"start":{"line":128,"column":18},"end":{"line":128,"column":19}},"loc":{"start":{"line":128,"column":24},"end":{"line":130,"column":9}},"line":128}},"branchMap":{"0":{"loc":{"start":{"line":107,"column":12},"end":{"line":115,"column":20}},"type":"binary-expr","locations":[{"start":{"line":107,"column":12},"end":{"line":107,"column":17}},{"start":{"line":108,"column":12},"end":{"line":108,"column":17}},{"start":{"line":109,"column":12},"end":{"line":109,"column":23}},{"start":{"line":110,"column":12},"end":{"line":110,"column":29}},{"start":{"line":111,"column":12},"end":{"line":111,"column":24}},{"start":{"line":112,"column":12},"end":{"line":112,"column":25}},{"start":{"line":113,"column":12},"end":{"line":113,"column":21}},{"start":{"line":114,"column":12},"end":{"line":114,"column":20}},{"start":{"line":115,"column":12},"end":{"line":115,"column":20}}],"line":107}},"s":{"0":1,"1":16,"2":16,"3":16,"4":16,"5":16,"6":16,"7":16,"8":16,"9":16,"10":16,"11":16,"12":1,"13":1,"14":1,"15":1,"16":16,"17":1,"18":1,"19":1,"20":1,"21":1,"22":1,"23":1,"24":1,"25":3,"26":1,"27":1,"28":1,"29":1,"30":1},"f":{"0":16,"1":1,"2":1,"3":1,"4":1,"5":1,"6":1,"7":1,"8":1,"9":1,"10":1,"11":1,"12":3,"13":1,"14":1,"15":1},"b":{"0":[16,9,8,7,7,5,5,4,3]},"_coverageSchema":"1a1c01bbd47fc00a2c39e90264f33305004495a9","hash":"43481f54f32d9760044b49dee67990ffe015197e"}
,"F:\\GitHub\\React-Native\\stravaapp\\Pages\\Login.tsx": {"path":"F:\\GitHub\\React-Native\\stravaapp\\Pages\\Login.tsx","statementMap":{"0":{"start":{"line":7,"column":14},"end":{"line":93,"column":1}},"1":{"start":{"line":8,"column":17},"end":{"line":18,"column":3}},"2":{"start":{"line":20,"column":21},"end":{"line":26,"column":3}},"3":{"start":{"line":21,"column":4},"end":{"line":25,"column":5}},"4":{"start":{"line":22,"column":21},"end":{"line":22,"column":44}},"5":{"start":{"line":24,"column":6},"end":{"line":24,"column":25}},"6":{"start":{"line":28,"column":2},"end":{"line":38,"column":19}},"7":{"start":{"line":29,"column":20},"end":{"line":29,"column":61}},"8":{"start":{"line":30,"column":4},"end":{"line":34,"column":7}},"9":{"start":{"line":31,"column":6},"end":{"line":33,"column":7}},"10":{"start":{"line":32,"column":8},"end":{"line":32,"column":24}},"11":{"start":{"line":35,"column":4},"end":{"line":37,"column":6}},"12":{"start":{"line":36,"column":6},"end":{"line":36,"column":23}},"13":{"start":{"line":40,"column":19},"end":{"line":60,"column":3}},"14":{"start":{"line":41,"column":17},"end":{"line":41,"column":52}},"15":{"start":{"line":42,"column":17},"end":{"line":47,"column":5}},"16":{"start":{"line":48,"column":4},"end":{"line":48,"column":22}},"17":{"start":{"line":49,"column":4},"end":{"line":49,"column":21}},"18":{"start":{"line":50,"column":4},"end":{"line":59,"column":5}},"19":{"start":{"line":51,"column":6},"end":{"line":58,"column":49}},"20":{"start":{"line":54,"column":10},"end":{"line":54,"column":65}},"21":{"start":{"line":55,"column":10},"end":{"line":55,"column":69}},"22":{"start":{"line":56,"column":10},"end":{"line":56,"column":42}},"23":{"start":{"line":58,"column":29},"end":{"line":58,"column":47}},"24":{"start":{"line":61,"column":22},"end":{"line":73,"column":3}},"25":{"start":{"line":62,"column":25},"end":{"line":62,"column":66}},"26":{"start":{"line":63,"column":23},"end":{"line":63,"column":63}},"27":{"start":{"line":64,"column":35},"end":{"line":64,"column":61}},"28":{"start":{"line":66,"column":4},"end":{"line":72,"column":5}},"29":{"start":{"line":67,"column":6},"end":{"line":69,"column":15}},"30":{"start":{"line":68,"column":8},"end":{"line":68,"column":40}},"31":{"start":{"line":71,"column":6},"end":{"line":71,"column":35}},"32":{"start":{"line":74,"column":2},"end":{"line":76,"column":9}},"33":{"start":{"line":75,"column":4},"end":{"line":75,"column":18}},"34":{"start":{"line":78,"column":2},"end":{"line":92,"column":4}},"35":{"start":{"line":89,"column":25},"end":{"line":89,"column":37}}},"fnMap":{"0":{"name":"(anonymous_0)","decl":{"start":{"line":7,"column":14},"end":{"line":7,"column":15}},"loc":{"start":{"line":7,"column":37},"end":{"line":93,"column":1}},"line":7},"1":{"name":"(anonymous_1)","decl":{"start":{"line":20,"column":21},"end":{"line":20,"column":22}},"loc":{"start":{"line":20,"column":33},"end":{"line":26,"column":3}},"line":20},"2":{"name":"(anonymous_2)","decl":{"start":{"line":28,"column":12},"end":{"line":28,"column":13}},"loc":{"start":{"line":28,"column":18},"end":{"line":38,"column":3}},"line":28},"3":{"name":"(anonymous_3)","decl":{"start":{"line":30,"column":33},"end":{"line":30,"column":34}},"loc":{"start":{"line":30,"column":40},"end":{"line":34,"column":5}},"line":30},"4":{"name":"(anonymous_4)","decl":{"start":{"line":35,"column":11},"end":{"line":35,"column":12}},"loc":{"start":{"line":35,"column":17},"end":{"line":37,"column":5}},"line":35},"5":{"name":"(anonymous_5)","decl":{"start":{"line":40,"column":19},"end":{"line":40,"column":20}},"loc":{"start":{"line":40,"column":39},"end":{"line":60,"column":3}},"line":40},"6":{"name":"(anonymous_6)","decl":{"start":{"line":53,"column":14},"end":{"line":53,"column":15}},"loc":{"start":{"line":53,"column":28},"end":{"line":57,"column":9}},"line":53},"7":{"name":"(anonymous_7)","decl":{"start":{"line":58,"column":15},"end":{"line":58,"column":16}},"loc":{"start":{"line":58,"column":29},"end":{"line":58,"column":47}},"line":58},"8":{"name":"(anonymous_8)","decl":{"start":{"line":61,"column":22},"end":{"line":61,"column":23}},"loc":{"start":{"line":61,"column":34},"end":{"line":73,"column":3}},"line":61},"9":{"name":"(anonymous_9)","decl":{"start":{"line":67,"column":17},"end":{"line":67,"column":18}},"loc":{"start":{"line":67,"column":23},"end":{"line":69,"column":7}},"line":67},"10":{"name":"(anonymous_10)","decl":{"start":{"line":74,"column":12},"end":{"line":74,"column":13}},"loc":{"start":{"line":74,"column":18},"end":{"line":76,"column":3}},"line":74},"11":{"name":"(anonymous_11)","decl":{"start":{"line":89,"column":19},"end":{"line":89,"column":20}},"loc":{"start":{"line":89,"column":25},"end":{"line":89,"column":37}},"line":89}},"branchMap":{"0":{"loc":{"start":{"line":31,"column":6},"end":{"line":33,"column":7}},"type":"if","locations":[{"start":{"line":31,"column":6},"end":{"line":33,"column":7}},{"start":{},"end":{}}],"line":31},"1":{"loc":{"start":{"line":50,"column":4},"end":{"line":59,"column":5}},"type":"if","locations":[{"start":{"line":50,"column":4},"end":{"line":59,"column":5}},{"start":{},"end":{}}],"line":50},"2":{"loc":{"start":{"line":66,"column":4},"end":{"line":72,"column":5}},"type":"if","locations":[{"start":{"line":66,"column":4},"end":{"line":72,"column":5}},{"start":{"line":70,"column":11},"end":{"line":72,"column":5}}],"line":66}},"s":{"0":1,"1":6,"2":6,"3":3,"4":3,"5":2,"6":6,"7":6,"8":6,"9":6,"10":2,"11":6,"12":5,"13":6,"14":2,"15":2,"16":2,"17":2,"18":2,"19":2,"20":1,"21":1,"22":1,"23":1,"24":6,"25":6,"26":6,"27":6,"28":6,"29":2,"30":1,"31":4,"32":6,"33":6,"34":6,"35":3},"f":{"0":6,"1":3,"2":6,"3":6,"4":5,"5":2,"6":1,"7":1,"8":6,"9":1,"10":6,"11":3},"b":{"0":[2,4],"1":[2,0],"2":[2,4]},"_coverageSchema":"1a1c01bbd47fc00a2c39e90264f33305004495a9","hash":"e3b7a358445724d2555ebcd26e9dac436e10347c"}
}
