TN:
SF:Pages\Activity.tsx
FN:6,(anonymous_0)
FN:11,(anonymous_1)
FN:20,(anonymous_2)
FN:24,(anonymous_3)
FN:33,(anonymous_4)
FN:60,(anonymous_5)
FNF:6
FNH:6
FNDA:6,(anonymous_0)
FNDA:3,(anonymous_1)
FNDA:1,(anonymous_2)
FNDA:1,(anonymous_3)
FNDA:3,(anonymous_4)
FNDA:2,(anonymous_5)
DA:6,1
DA:7,6
DA:8,6
DA:9,6
DA:11,6
DA:12,3
DA:13,3
DA:15,3
DA:16,2
DA:21,1
DA:22,1
DA:25,1
DA:26,1
DA:29,1
DA:33,6
DA:34,3
DA:37,6
DA:61,2
LF:18
LH:18
BRDA:15,0,0,2
BRDA:15,0,1,1
BRDA:45,1,0,5
BRDA:45,1,1,1
BRF:4
BRH:4
end_of_record
TN:
SF:Pages\CreateActivity.tsx
FN:7,(anonymous_0)
FN:19,(anonymous_1)
FN:25,(anonymous_2)
FN:26,(anonymous_3)
FN:53,(anonymous_4)
FN:59,(anonymous_5)
FN:65,(anonymous_6)
FN:71,(anonymous_7)
FN:77,(anonymous_8)
FN:83,(anonymous_9)
FN:89,(anonymous_10)
FN:95,(anonymous_11)
FN:99,(anonymous_12)
FN:105,(anonymous_13)
FN:124,(anonymous_14)
FN:128,(anonymous_15)
FNF:16
FNH:16
FNDA:16,(anonymous_0)
FNDA:1,(anonymous_1)
FNDA:1,(anonymous_2)
FNDA:1,(anonymous_3)
FNDA:1,(anonymous_4)
FNDA:1,(anonymous_5)
FNDA:1,(anonymous_6)
FNDA:1,(anonymous_7)
FNDA:1,(anonymous_8)
FNDA:1,(anonymous_9)
FNDA:1,(anonymous_10)
FNDA:1,(anonymous_11)
FNDA:3,(anonymous_12)
FNDA:1,(anonymous_13)
FNDA:1,(anonymous_14)
FNDA:1,(anonymous_15)
DA:7,1
DA:8,16
DA:9,16
DA:10,16
DA:11,16
DA:12,16
DA:13,16
DA:14,16
DA:15,16
DA:16,16
DA:17,16
DA:19,16
DA:20,1
DA:21,1
DA:25,1
DA:27,1
DA:31,16
DA:53,1
DA:59,1
DA:65,1
DA:71,1
DA:77,1
DA:83,1
DA:89,1
DA:95,1
DA:99,3
DA:105,1
DA:125,1
DA:126,1
DA:129,1
DA:138,1
LF:31
LH:31
BRDA:107,0,0,16
BRDA:107,0,1,9
BRDA:107,0,2,8
BRDA:107,0,3,7
BRDA:107,0,4,7
BRDA:107,0,5,5
BRDA:107,0,6,5
BRDA:107,0,7,4
BRDA:107,0,8,3
BRF:9
BRH:9
end_of_record
TN:
SF:Pages\Login.tsx
FN:7,(anonymous_0)
FN:20,(anonymous_1)
FN:28,(anonymous_2)
FN:30,(anonymous_3)
FN:35,(anonymous_4)
FN:40,(anonymous_5)
FN:53,(anonymous_6)
FN:58,(anonymous_7)
FN:61,(anonymous_8)
FN:67,(anonymous_9)
FN:74,(anonymous_10)
FN:89,(anonymous_11)
FNF:12
FNH:12
FNDA:6,(anonymous_0)
FNDA:3,(anonymous_1)
FNDA:6,(anonymous_2)
FNDA:6,(anonymous_3)
FNDA:5,(anonymous_4)
FNDA:2,(anonymous_5)
FNDA:1,(anonymous_6)
FNDA:1,(anonymous_7)
FNDA:6,(anonymous_8)
FNDA:1,(anonymous_9)
FNDA:6,(anonymous_10)
FNDA:3,(anonymous_11)
DA:7,1
DA:8,6
DA:20,6
DA:21,3
DA:22,3
DA:24,2
DA:28,6
DA:29,6
DA:30,6
DA:31,6
DA:32,2
DA:35,6
DA:36,5
DA:40,6
DA:41,2
DA:42,2
DA:48,2
DA:49,2
DA:50,2
DA:51,2
DA:54,1
DA:55,1
DA:56,1
DA:58,1
DA:61,6
DA:62,6
DA:63,6
DA:64,6
DA:66,6
DA:67,2
DA:68,1
DA:71,4
DA:74,6
DA:75,6
DA:78,6
DA:89,3
LF:36
LH:36
BRDA:31,0,0,2
BRDA:31,0,1,4
BRDA:50,1,0,2
BRDA:50,1,1,0
BRDA:66,2,0,2
BRDA:66,2,1,4
BRF:6
BRH:5
end_of_record
