{"C:\\Users\\acer\\Desktop\\New folder\\React-Native-Practice\\newsappsocial\\Pages\\Details.tsx": {"path":"C:\\Users\\acer\\Desktop\\New folder\\React-Native-Practice\\newsappsocial\\Pages\\Details.tsx","statementMap":{"0":{"start":{"line":4,"column":16},"end":{"line":21,"column":1}},"1":{"start":{"line":5,"column":20},"end":{"line":5,"column":32}},"2":{"start":{"line":7,"column":2},"end":{"line":20,"column":4}},"3":{"start":{"line":25,"column":15},"end":{"line":58,"column":2}}},"fnMap":{"0":{"name":"(anonymous_0)","decl":{"start":{"line":4,"column":16},"end":{"line":4,"column":17}},"loc":{"start":{"line":4,"column":34},"end":{"line":21,"column":1}},"line":4}},"branchMap":{},"s":{"0":1,"1":1,"2":1,"3":1},"f":{"0":1},"b":{},"_coverageSchema":"1a1c01bbd47fc00a2c39e90264f33305004495a9","hash":"668485bf595e6b99bcaf13c20612d61dc5c1bcd2"}
,"C:\\Users\\acer\\Desktop\\New folder\\React-Native-Practice\\newsappsocial\\Pages\\Home.tsx": {"path":"C:\\Users\\acer\\Desktop\\New folder\\React-Native-Practice\\newsappsocial\\Pages\\Home.tsx","statementMap":{"0":{"start":{"line":25,"column":13},"end":{"line":185,"column":1}},"1":{"start":{"line":26,"column":34},"end":{"line":26,"column":62}},"2":{"start":{"line":27,"column":40},"end":{"line":27,"column":52}},"3":{"start":{"line":28,"column":38},"end":{"line":28,"column":50}},"4":{"start":{"line":29,"column":40},"end":{"line":29,"column":55}},"5":{"start":{"line":30,"column":46},"end":{"line":30,"column":61}},"6":{"start":{"line":31,"column":62},"end":{"line":31,"column":74}},"7":{"start":{"line":32,"column":42},"end":{"line":32,"column":53}},"8":{"start":{"line":34,"column":20},"end":{"line":49,"column":3}},"9":{"start":{"line":35,"column":4},"end":{"line":48,"column":5}},"10":{"start":{"line":36,"column":23},"end":{"line":38,"column":7}},"11":{"start":{"line":40,"column":32},"end":{"line":43,"column":9}},"12":{"start":{"line":40,"column":78},"end":{"line":43,"column":7}},"13":{"start":{"line":45,"column":6},"end":{"line":45,"column":37}},"14":{"start":{"line":47,"column":6},"end":{"line":47,"column":25}},"15":{"start":{"line":51,"column":23},"end":{"line":53,"column":3}},"16":{"start":{"line":52,"column":4},"end":{"line":52,"column":27}},"17":{"start":{"line":55,"column":28},"end":{"line":77,"column":3}},"18":{"start":{"line":56,"column":4},"end":{"line":76,"column":5}},"19":{"start":{"line":57,"column":6},"end":{"line":68,"column":7}},"20":{"start":{"line":58,"column":8},"end":{"line":58,"column":27}},"21":{"start":{"line":59,"column":8},"end":{"line":59,"column":30}},"22":{"start":{"line":61,"column":8},"end":{"line":61,"column":26}},"23":{"start":{"line":62,"column":8},"end":{"line":62,"column":27}},"24":{"start":{"line":63,"column":8},"end":{"line":63,"column":32}},"25":{"start":{"line":64,"column":8},"end":{"line":64,"column":50}},"26":{"start":{"line":66,"column":8},"end":{"line":66,"column":29}},"27":{"start":{"line":67,"column":8},"end":{"line":67,"column":29}},"28":{"start":{"line":71,"column":6},"end":{"line":71,"column":31}},"29":{"start":{"line":72,"column":6},"end":{"line":72,"column":36}},"30":{"start":{"line":73,"column":6},"end":{"line":75,"column":8}},"31":{"start":{"line":79,"column":2},"end":{"line":124,"column":9}},"32":{"start":{"line":80,"column":30},"end":{"line":82,"column":5}},"33":{"start":{"line":81,"column":6},"end":{"line":81,"column":48}},"34":{"start":{"line":84,"column":28},"end":{"line":87,"column":5}},"35":{"start":{"line":85,"column":6},"end":{"line":85,"column":28}},"36":{"start":{"line":86,"column":6},"end":{"line":86,"column":31}},"37":{"start":{"line":89,"column":32},"end":{"line":95,"column":5}},"38":{"start":{"line":90,"column":25},"end":{"line":90,"column":35}},"39":{"start":{"line":91,"column":6},"end":{"line":91,"column":33}},"40":{"start":{"line":92,"column":6},"end":{"line":92,"column":28}},"41":{"start":{"line":93,"column":6},"end":{"line":93,"column":31}},"42":{"start":{"line":94,"column":6},"end":{"line":94,"column":28}},"43":{"start":{"line":97,"column":30},"end":{"line":103,"column":5}},"44":{"start":{"line":99,"column":6},"end":{"line":99,"column":28}},"45":{"start":{"line":100,"column":6},"end":{"line":100,"column":31}},"46":{"start":{"line":101,"column":6},"end":{"line":101,"column":36}},"47":{"start":{"line":102,"column":6},"end":{"line":102,"column":69}},"48":{"start":{"line":105,"column":38},"end":{"line":113,"column":5}},"49":{"start":{"line":106,"column":6},"end":{"line":112,"column":7}},"50":{"start":{"line":107,"column":24},"end":{"line":107,"column":29}},"51":{"start":{"line":109,"column":8},"end":{"line":109,"column":31}},"52":{"start":{"line":111,"column":8},"end":{"line":111,"column":49}},"53":{"start":{"line":115,"column":4},"end":{"line":115,"column":44}},"54":{"start":{"line":116,"column":4},"end":{"line":116,"column":40}},"55":{"start":{"line":117,"column":4},"end":{"line":117,"column":48}},"56":{"start":{"line":118,"column":4},"end":{"line":118,"column":44}},"57":{"start":{"line":119,"column":4},"end":{"line":119,"column":60}},"58":{"start":{"line":121,"column":4},"end":{"line":123,"column":6}},"59":{"start":{"line":122,"column":6},"end":{"line":122,"column":53}},"60":{"start":{"line":126,"column":2},"end":{"line":184,"column":4}},"61":{"start":{"line":157,"column":39},"end":{"line":157,"column":55}},"62":{"start":{"line":160,"column":10},"end":{"line":180,"column":31}},"63":{"start":{"line":163,"column":14},"end":{"line":170,"column":16}},"64":{"start":{"line":189,"column":15},"end":{"line":261,"column":2}}},"fnMap":{"0":{"name":"(anonymous_0)","decl":{"start":{"line":25,"column":13},"end":{"line":25,"column":14}},"loc":{"start":{"line":25,"column":36},"end":{"line":185,"column":1}},"line":25},"1":{"name":"(anonymous_1)","decl":{"start":{"line":34,"column":20},"end":{"line":34,"column":21}},"loc":{"start":{"line":34,"column":45},"end":{"line":49,"column":3}},"line":34},"2":{"name":"(anonymous_2)","decl":{"start":{"line":40,"column":59},"end":{"line":40,"column":60}},"loc":{"start":{"line":40,"column":78},"end":{"line":43,"column":7}},"line":40},"3":{"name":"(anonymous_3)","decl":{"start":{"line":51,"column":23},"end":{"line":51,"column":24}},"loc":{"start":{"line":51,"column":29},"end":{"line":53,"column":3}},"line":51},"4":{"name":"(anonymous_4)","decl":{"start":{"line":55,"column":28},"end":{"line":55,"column":29}},"loc":{"start":{"line":55,"column":40},"end":{"line":77,"column":3}},"line":55},"5":{"name":"(anonymous_5)","decl":{"start":{"line":79,"column":12},"end":{"line":79,"column":13}},"loc":{"start":{"line":79,"column":18},"end":{"line":124,"column":3}},"line":79},"6":{"name":"(anonymous_6)","decl":{"start":{"line":80,"column":30},"end":{"line":80,"column":31}},"loc":{"start":{"line":80,"column":36},"end":{"line":82,"column":5}},"line":80},"7":{"name":"(anonymous_7)","decl":{"start":{"line":84,"column":28},"end":{"line":84,"column":29}},"loc":{"start":{"line":84,"column":34},"end":{"line":87,"column":5}},"line":84},"8":{"name":"(anonymous_8)","decl":{"start":{"line":89,"column":32},"end":{"line":89,"column":33}},"loc":{"start":{"line":89,"column":44},"end":{"line":95,"column":5}},"line":89},"9":{"name":"(anonymous_9)","decl":{"start":{"line":97,"column":30},"end":{"line":97,"column":31}},"loc":{"start":{"line":97,"column":42},"end":{"line":103,"column":5}},"line":97},"10":{"name":"(anonymous_10)","decl":{"start":{"line":105,"column":38},"end":{"line":105,"column":39}},"loc":{"start":{"line":105,"column":54},"end":{"line":113,"column":5}},"line":105},"11":{"name":"(anonymous_11)","decl":{"start":{"line":121,"column":11},"end":{"line":121,"column":12}},"loc":{"start":{"line":121,"column":17},"end":{"line":123,"column":5}},"line":121},"12":{"name":"(anonymous_12)","decl":{"start":{"line":157,"column":22},"end":{"line":157,"column":23}},"loc":{"start":{"line":157,"column":39},"end":{"line":157,"column":55}},"line":157},"13":{"name":"(anonymous_13)","decl":{"start":{"line":159,"column":20},"end":{"line":159,"column":21}},"loc":{"start":{"line":160,"column":10},"end":{"line":180,"column":31}},"line":160},"14":{"name":"(anonymous_14)","decl":{"start":{"line":162,"column":21},"end":{"line":162,"column":22}},"loc":{"start":{"line":163,"column":14},"end":{"line":170,"column":16}},"line":163}},"branchMap":{"0":{"loc":{"start":{"line":57,"column":6},"end":{"line":68,"column":7}},"type":"if","locations":[{"start":{"line":57,"column":6},"end":{"line":68,"column":7}},{"start":{"line":60,"column":13},"end":{"line":68,"column":7}}],"line":57},"1":{"loc":{"start":{"line":140,"column":19},"end":{"line":140,"column":49}},"type":"cond-expr","locations":[{"start":{"line":140,"column":33},"end":{"line":140,"column":39}},{"start":{"line":140,"column":42},"end":{"line":140,"column":49}}],"line":140},"2":{"loc":{"start":{"line":154,"column":7},"end":{"line":154,"column":77}},"type":"cond-expr","locations":[{"start":{"line":154,"column":20},"end":{"line":154,"column":70}},{"start":{"line":154,"column":73},"end":{"line":154,"column":77}}],"line":154}},"s":{"0":1,"1":17,"2":17,"3":17,"4":17,"5":17,"6":17,"7":17,"8":17,"9":3,"10":3,"11":3,"12":2,"13":1,"14":2,"15":17,"16":2,"17":17,"18":2,"19":2,"20":1,"21":1,"22":1,"23":1,"24":1,"25":1,"26":1,"27":1,"28":0,"29":0,"30":0,"31":17,"32":5,"33":1,"34":5,"35":1,"36":1,"37":5,"38":1,"39":1,"40":1,"41":1,"42":1,"43":5,"44":1,"45":1,"46":1,"47":1,"48":5,"49":1,"50":1,"51":1,"52":0,"53":5,"54":5,"55":5,"56":5,"57":5,"58":5,"59":5,"60":17,"61":2,"62":2,"63":0,"64":1},"f":{"0":17,"1":3,"2":2,"3":2,"4":2,"5":5,"6":1,"7":1,"8":1,"9":1,"10":1,"11":5,"12":2,"13":2,"14":0},"b":{"0":[1,1],"1":[1,16],"2":[2,15]},"_coverageSchema":"1a1c01bbd47fc00a2c39e90264f33305004495a9","hash":"fc3f88e0bf958f98a034db01ad8c1b49f21f479b"}
,"C:\\Users\\acer\\Desktop\\New folder\\React-Native-Practice\\newsappsocial\\Pages\\LoadingDots.tsx": {"path":"C:\\Users\\acer\\Desktop\\New folder\\React-Native-Practice\\newsappsocial\\Pages\\LoadingDots.tsx","statementMap":{"0":{"start":{"line":8,"column":20},"end":{"line":56,"column":1}},"1":{"start":{"line":9,"column":22},"end":{"line":9,"column":53}},"2":{"start":{"line":11,"column":2},"end":{"line":23,"column":32}},"3":{"start":{"line":12,"column":29},"end":{"line":12,"column":54}},"4":{"start":{"line":13,"column":27},"end":{"line":21,"column":5}},"5":{"start":{"line":14,"column":20},"end":{"line":14,"column":51}},"6":{"start":{"line":15,"column":6},"end":{"line":15,"column":28}},"7":{"start":{"line":16,"column":6},"end":{"line":20,"column":17}},"8":{"start":{"line":22,"column":4},"end":{"line":22,"column":21}},"9":{"start":{"line":25,"column":21},"end":{"line":28,"column":4}},"10":{"start":{"line":30,"column":21},"end":{"line":33,"column":4}},"11":{"start":{"line":35,"column":21},"end":{"line":38,"column":4}},"12":{"start":{"line":40,"column":2},"end":{"line":55,"column":4}},"13":{"start":{"line":58,"column":15},"end":{"line":69,"column":2}}},"fnMap":{"0":{"name":"(anonymous_0)","decl":{"start":{"line":8,"column":20},"end":{"line":8,"column":21}},"loc":{"start":{"line":8,"column":58},"end":{"line":56,"column":1}},"line":8},"1":{"name":"(anonymous_1)","decl":{"start":{"line":11,"column":12},"end":{"line":11,"column":13}},"loc":{"start":{"line":11,"column":18},"end":{"line":23,"column":3}},"line":11},"2":{"name":"(anonymous_2)","decl":{"start":{"line":13,"column":27},"end":{"line":13,"column":28}},"loc":{"start":{"line":13,"column":33},"end":{"line":21,"column":5}},"line":13}},"branchMap":{},"s":{"0":2,"1":3,"2":3,"3":2,"4":2,"5":2,"6":2,"7":2,"8":2,"9":3,"10":3,"11":3,"12":3,"13":2},"f":{"0":3,"1":2,"2":2},"b":{},"_coverageSchema":"1a1c01bbd47fc00a2c39e90264f33305004495a9","hash":"5923518bf440f239251e5bf499e7c32f20b82d96"}
,"C:\\Users\\acer\\Desktop\\New folder\\React-Native-Practice\\newsappsocial\\Pages\\Login.tsx": {"path":"C:\\Users\\acer\\Desktop\\New folder\\React-Native-Practice\\newsappsocial\\Pages\\Login.tsx","statementMap":{"0":{"start":{"line":11,"column":14},"end":{"line":71,"column":1}},"1":{"start":{"line":12,"column":2},"end":{"line":15,"column":5}},"2":{"start":{"line":17,"column":32},"end":{"line":40,"column":3}},"3":{"start":{"line":18,"column":4},"end":{"line":39,"column":5}},"4":{"start":{"line":19,"column":6},"end":{"line":19,"column":43}},"5":{"start":{"line":26,"column":6},"end":{"line":26,"column":55}},"6":{"start":{"line":27,"column":6},"end":{"line":27,"column":34}},"7":{"start":{"line":38,"column":6},"end":{"line":38,"column":27}},"8":{"start":{"line":42,"column":27},"end":{"line":51,"column":3}},"9":{"start":{"line":43,"column":4},"end":{"line":50,"column":5}},"10":{"start":{"line":44,"column":26},"end":{"line":44,"column":66}},"11":{"start":{"line":45,"column":6},"end":{"line":47,"column":7}},"12":{"start":{"line":46,"column":8},"end":{"line":46,"column":36}},"13":{"start":{"line":49,"column":6},"end":{"line":49,"column":27}},"14":{"start":{"line":52,"column":2},"end":{"line":54,"column":9}},"15":{"start":{"line":53,"column":4},"end":{"line":53,"column":23}},"16":{"start":{"line":56,"column":2},"end":{"line":70,"column":4}}},"fnMap":{"0":{"name":"(anonymous_0)","decl":{"start":{"line":11,"column":14},"end":{"line":11,"column":15}},"loc":{"start":{"line":11,"column":37},"end":{"line":71,"column":1}},"line":11},"1":{"name":"(anonymous_1)","decl":{"start":{"line":17,"column":32},"end":{"line":17,"column":33}},"loc":{"start":{"line":17,"column":44},"end":{"line":40,"column":3}},"line":17},"2":{"name":"(anonymous_2)","decl":{"start":{"line":42,"column":27},"end":{"line":42,"column":28}},"loc":{"start":{"line":42,"column":39},"end":{"line":51,"column":3}},"line":42},"3":{"name":"(anonymous_3)","decl":{"start":{"line":52,"column":12},"end":{"line":52,"column":13}},"loc":{"start":{"line":52,"column":18},"end":{"line":54,"column":3}},"line":52}},"branchMap":{"0":{"loc":{"start":{"line":45,"column":6},"end":{"line":47,"column":7}},"type":"if","locations":[{"start":{"line":45,"column":6},"end":{"line":47,"column":7}},{"start":{},"end":{}}],"line":45}},"s":{"0":1,"1":6,"2":6,"3":2,"4":2,"5":2,"6":1,"7":1,"8":6,"9":6,"10":6,"11":5,"12":1,"13":1,"14":6,"15":6,"16":6},"f":{"0":6,"1":2,"2":6,"3":6},"b":{"0":[1,4]},"_coverageSchema":"1a1c01bbd47fc00a2c39e90264f33305004495a9","hash":"975ab59f834428d66992891cd86230735cb5afaf"}
}
