TN:
SF:Pages\Details.tsx
FN:4,(anonymous_0)
FNF:1
FNH:1
FNDA:1,(anonymous_0)
DA:4,1
DA:5,1
DA:7,1
DA:25,1
LF:4
LH:4
BRF:0
BRH:0
end_of_record
TN:
SF:Pages\Home.tsx
FN:25,(anonymous_0)
FN:34,(anonymous_1)
FN:40,(anonymous_2)
FN:51,(anonymous_3)
FN:55,(anonymous_4)
FN:79,(anonymous_5)
FN:80,(anonymous_6)
FN:84,(anonymous_7)
FN:89,(anonymous_8)
FN:97,(anonymous_9)
FN:105,(anonymous_10)
FN:121,(anonymous_11)
FN:157,(anonymous_12)
FN:159,(anonymous_13)
FN:162,(anonymous_14)
FNF:15
FNH:14
FNDA:17,(anonymous_0)
FNDA:3,(anonymous_1)
FNDA:2,(anonymous_2)
FNDA:2,(anonymous_3)
FNDA:2,(anonymous_4)
FNDA:5,(anonymous_5)
FNDA:1,(anonymous_6)
FNDA:1,(anonymous_7)
FNDA:1,(anonymous_8)
FNDA:1,(anonymous_9)
FNDA:1,(anonymous_10)
FNDA:5,(anonymous_11)
FNDA:2,(anonymous_12)
FNDA:2,(anonymous_13)
FNDA:0,(anonymous_14)
DA:25,1
DA:26,17
DA:27,17
DA:28,17
DA:29,17
DA:30,17
DA:31,17
DA:32,17
DA:34,17
DA:35,3
DA:36,3
DA:40,3
DA:45,1
DA:47,2
DA:51,17
DA:52,2
DA:55,17
DA:56,2
DA:57,2
DA:58,1
DA:59,1
DA:61,1
DA:62,1
DA:63,1
DA:64,1
DA:66,1
DA:67,1
DA:71,0
DA:72,0
DA:73,0
DA:79,17
DA:80,5
DA:81,1
DA:84,5
DA:85,1
DA:86,1
DA:89,5
DA:90,1
DA:91,1
DA:92,1
DA:93,1
DA:94,1
DA:97,5
DA:99,1
DA:100,1
DA:101,1
DA:102,1
DA:105,5
DA:106,1
DA:107,1
DA:109,1
DA:111,0
DA:115,5
DA:116,5
DA:117,5
DA:118,5
DA:119,5
DA:121,5
DA:122,5
DA:126,17
DA:157,2
DA:160,2
DA:163,0
DA:189,1
LF:64
LH:59
BRDA:57,0,0,1
BRDA:57,0,1,1
BRDA:140,1,0,1
BRDA:140,1,1,16
BRDA:154,2,0,2
BRDA:154,2,1,15
BRF:6
BRH:6
end_of_record
TN:
SF:Pages\LoadingDots.tsx
FN:8,(anonymous_0)
FN:11,(anonymous_1)
FN:13,(anonymous_2)
FNF:3
FNH:3
FNDA:3,(anonymous_0)
FNDA:2,(anonymous_1)
FNDA:2,(anonymous_2)
DA:8,2
DA:9,3
DA:11,3
DA:12,2
DA:13,2
DA:14,2
DA:15,2
DA:16,2
DA:22,2
DA:25,3
DA:30,3
DA:35,3
DA:40,3
DA:58,2
LF:14
LH:14
BRF:0
BRH:0
end_of_record
TN:
SF:Pages\Login.tsx
FN:11,(anonymous_0)
FN:17,(anonymous_1)
FN:42,(anonymous_2)
FN:52,(anonymous_3)
FNF:4
FNH:4
FNDA:6,(anonymous_0)
FNDA:2,(anonymous_1)
FNDA:6,(anonymous_2)
FNDA:6,(anonymous_3)
DA:11,1
DA:12,6
DA:17,6
DA:18,2
DA:19,2
DA:26,2
DA:27,1
DA:38,1
DA:42,6
DA:43,6
DA:44,6
DA:45,5
DA:46,1
DA:49,1
DA:52,6
DA:53,6
DA:56,6
LF:17
LH:17
BRDA:45,0,0,1
BRDA:45,0,1,4
BRF:2
BRH:2
end_of_record
